<?xml version="1.0" encoding="UTF-8"?>
<testsuite xmlns:xsi="http://www.w3.org/2001/XMLSchema-instance" xsi:noNamespaceSchemaLocation="https://maven.apache.org/surefire/maven-surefire-plugin/xsd/surefire-test-report-3.0.xsd" version="3.0" name="runner.TestRunner" time="31.603" tests="8" errors="0" skipped="0" failures="0">
  <properties>
[...]
</properties>
  <testcase name="Agregar un producto al carrito" classname="Carrito de compras en SauceDemo" time="4.126">
    <system-out><![CDATA[
Scenario: Agregar un producto al carrito                              # src/test/resources/features/cart.feature:9
  Given el usuario estÃ¡ logueado en la aplicaciÃ³n                     # steps.CartSteps.elUsuarioEstaLogueadoEnLaAplicacion()
  When el usuario agrega el producto "Sauce Labs Backpack" al carrito # steps.CartSteps.elUsuarioAgregaElProductoAlCarrito(java.lang.String)
  Then el carrito debe mostrar 1 producto                             # steps.CartSteps.elCarritoDebeMostrarProducto(int)
]]></system-out>
    <system-err><![CDATA[SLF4J(W): No SLF4J providers were found.
SLF4J(W): Defaulting to no-operation (NOP) logger implementation
SLF4J(W): See https://www.slf4j.org/codes.html#noProviders for further details.
may. 06, 2026 6:09:21 P. M. org.openqa.selenium.devtools.CdpVersionFinder findNearestMatch
ADVERTENCIA: Unable to find CDP implementation matching 147
may. 06, 2026 6:09:21 P. M. org.openqa.selenium.chromium.ChromiumDriver lambda$new$5
ADVERTENCIA: Unable to find version of CDP to use for 147.0.7727.102. You may need to include a dependency on a specific version of the CDP using something similar to `org.seleniumhq.selenium:selenium-devtools-v86:4.18.1` where the version ("v86") matches the version of the chromium-based browser you're using and the version number of the artifact is the same as Selenium's.
]]></system-err>
  </testcase>
  <testcase name="Remover un producto del carrito" classname="Carrito de compras en SauceDemo" time="3.265">
    <system-out><![CDATA[
Scenario: Remover un producto del carrito                              # src/test/resources/features/cart.feature:13
  Given el usuario estÃ¡ logueado en la aplicaciÃ³n                      # steps.CartSteps.elUsuarioEstaLogueadoEnLaAplicacion()
  When el usuario agrega el producto "Sauce Labs Backpack" al carrito  # steps.CartSteps.elUsuarioAgregaElProductoAlCarrito(java.lang.String)
  And el usuario remueve el producto "Sauce Labs Backpack" del carrito # steps.CartSteps.elUsuarioRemuevElProductoDelCarrito(java.lang.String)
  Then el carrito debe estar vacÃ­o                                     # steps.CartSteps.elCarritoDebeEstarVacio()
]]></system-out>
    <system-err><![CDATA[may. 06, 2026 6:09:24 P. M. org.openqa.selenium.devtools.CdpVersionFinder findNearestMatch
ADVERTENCIA: Unable to find CDP implementation matching 147
may. 06, 2026 6:09:24 P. M. org.openqa.selenium.chromium.ChromiumDriver lambda$new$5
ADVERTENCIA: Unable to find version of CDP to use for 147.0.7727.102. You may need to include a dependency on a specific version of the CDP using something similar to `org.seleniumhq.selenium:selenium-devtools-v86:4.18.1` where the version ("v86") matches the version of the chromium-based browser you're using and the version number of the artifact is the same as Selenium's.
]]></system-err>
  </testcase>
  <testcase name="Verificar precio del producto en el carrito" classname="Carrito de compras en SauceDemo" time="3.275">
    <system-out><![CDATA[
Scenario: Verificar precio del producto en el carrito                 # src/test/resources/features/cart.feature:18
  Given el usuario estÃ¡ logueado en la aplicaciÃ³n                     # steps.CartSteps.elUsuarioEstaLogueadoEnLaAplicacion()
  When el usuario agrega el producto "Sauce Labs Backpack" al carrito # steps.CartSteps.elUsuarioAgregaElProductoAlCarrito(java.lang.String)
  And el usuario abre el carrito                                      # steps.CartSteps.elUsuarioAbreElCarrito()
  Then el precio del producto debe ser "$29.99"                       # steps.CartSteps.elPrecioDelProductoDebeSer(java.lang.String)
]]></system-out>
    <system-err><![CDATA[may. 06, 2026 6:09:28 P. M. org.openqa.selenium.devtools.CdpVersionFinder findNearestMatch
ADVERTENCIA: Unable to find CDP implementation matching 147
may. 06, 2026 6:09:28 P. M. org.openqa.selenium.chromium.ChromiumDriver lambda$new$5
ADVERTENCIA: Unable to find version of CDP to use for 147.0.7727.102. You may need to include a dependency on a specific version of the CDP using something similar to `org.seleniumhq.selenium:selenium-devtools-v86:4.18.1` where the version ("v86") matches the version of the chromium-based browser you're using and the version number of the artifact is the same as Selenium's.
]]></system-err>
  </testcase>
  <testcase name="Completar checkout exitosamente" classname="Checkout en SauceDemo" time="4.013">
    <system-out><![CDATA[
Scenario: Completar checkout exitosamente                         # src/test/resources/features/checkout.feature:10
  Given el usuario estÃ¡ logueado en la aplicaciÃ³n                 # steps.CartSteps.elUsuarioEstaLogueadoEnLaAplicacion()
  And el usuario tiene productos en el carrito                    # steps.CheckoutSteps.elUsuarioTieneProductosEnElCarrito()
  When el usuario abre el carrito                                 # steps.CartSteps.elUsuarioAbreElCarrito()
  And el usuario hace click en Checkout                           # steps.CheckoutSteps.elUsuarioHaceClickEnCheckout()
  And el usuario ingresa su nombre "John"                         # steps.CheckoutSteps.elUsuarioIngresaSuNombre(java.lang.String)
  And el usuario ingresa su apellido "Doe"                        # steps.CheckoutSteps.elUsuarioIngresaSuApellido(java.lang.String)
  And el usuario ingresa su cÃ³digo postal "12345"                 # steps.CheckoutSteps.elUsuarioIngresaSuCodigoPostal(java.lang.String)
✅ Navegó a: https://www.saucedemo.com/checkout-step-two.html
  And el usuario hace click en Continue                           # steps.CheckoutSteps.elUsuarioHaceClickEnContinue()
  And el usuario hace click en Finish                             # steps.CheckoutSteps.elUsuarioHaceClickEnFinish()
  Then el usuario debe ver el mensaje "Thank you for your order!" # steps.CheckoutSteps.elUsuarioDebeVerElMensaje(java.lang.String)
]]></system-out>
    <system-err><![CDATA[may. 06, 2026 6:09:31 P. M. org.openqa.selenium.devtools.CdpVersionFinder findNearestMatch
ADVERTENCIA: Unable to find CDP implementation matching 147
may. 06, 2026 6:09:31 P. M. org.openqa.selenium.chromium.ChromiumDriver lambda$new$5
ADVERTENCIA: Unable to find version of CDP to use for 147.0.7727.102. You may need to include a dependency on a specific version of the CDP using something similar to `org.seleniumhq.selenium:selenium-devtools-v86:4.18.1` where the version ("v86") matches the version of the chromium-based browser you're using and the version number of the artifact is the same as Selenium's.
]]></system-err>
  </testcase>
  <testcase name="Checkout sin completar información personal" classname="Checkout en SauceDemo" time="7.092">
    <system-out><![CDATA[
Scenario: Checkout sin completar informaciÃ³n personal                           # src/test/resources/features/checkout.feature:20
  Given el usuario estÃ¡ logueado en la aplicaciÃ³n                               # steps.CartSteps.elUsuarioEstaLogueadoEnLaAplicacion()
  And el usuario tiene productos en el carrito                                  # steps.CheckoutSteps.elUsuarioTieneProductosEnElCarrito()
  When el usuario abre el carrito                                               # steps.CartSteps.elUsuarioAbreElCarrito()
  And el usuario hace click en Checkout                                         # steps.CheckoutSteps.elUsuarioHaceClickEnCheckout()
⚠️ Se quedó en: https://www.saucedemo.com/checkout-step-one.html
  And el usuario hace click en Continue                                         # steps.CheckoutSteps.elUsuarioHaceClickEnContinue()
  Then el usuario debe ver el error de checkout "Error: First Name is required" # steps.CheckoutSteps.elUsuarioDebeVerElMensajeDeErrorCheckout(java.lang.String)
]]></system-out>
    <system-err><![CDATA[may. 06, 2026 6:09:35 P. M. org.openqa.selenium.devtools.CdpVersionFinder findNearestMatch
ADVERTENCIA: Unable to find CDP implementation matching 147
may. 06, 2026 6:09:35 P. M. org.openqa.selenium.chromium.ChromiumDriver lambda$new$5
ADVERTENCIA: Unable to find version of CDP to use for 147.0.7727.102. You may need to include a dependency on a specific version of the CDP using something similar to `org.seleniumhq.selenium:selenium-devtools-v86:4.18.1` where the version ("v86") matches the version of the chromium-based browser you're using and the version number of the artifact is the same as Selenium's.
]]></system-err>
  </testcase>
  <testcase name="Login exitoso con credenciales válidas" classname="Login en SauceDemo" time="2.918">
    <system-out><![CDATA[
Scenario: Login exitoso con credenciales vÃ¡lidas      # src/test/resources/features/login.feature:9
  Given el usuario estÃ¡ en la pÃ¡gina de login         # steps.LoginSteps.elUsuarioEstaEnLaPaginaDeLogin()
  When el usuario ingresa el usuario "standard_user"  # steps.LoginSteps.elUsuarioIngresaElUsuario(java.lang.String)
  And el usuario ingresa la contraseÃ±a "secret_sauce" # steps.LoginSteps.elUsuarioIngresaLaContrasena(java.lang.String)
  And el usuario hace click en el botÃ³n login         # steps.LoginSteps.elUsuarioHaceClickEnElBotonLogin()
  Then el usuario debe ver la pÃ¡gina de productos     # steps.LoginSteps.elUsuarioDebeVerLaPaginaDeProductos()
]]></system-out>
    <system-err><![CDATA[may. 06, 2026 6:09:42 P. M. org.openqa.selenium.devtools.CdpVersionFinder findNearestMatch
ADVERTENCIA: Unable to find CDP implementation matching 147
may. 06, 2026 6:09:42 P. M. org.openqa.selenium.chromium.ChromiumDriver lambda$new$5
ADVERTENCIA: Unable to find version of CDP to use for 147.0.7727.102. You may need to include a dependency on a specific version of the CDP using something similar to `org.seleniumhq.selenium:selenium-devtools-v86:4.18.1` where the version ("v86") matches the version of the chromium-based browser you're using and the version number of the artifact is the same as Selenium's.
]]></system-err>
  </testcase>
  <testcase name="Login fallido con contraseña incorrecta" classname="Login en SauceDemo" time="3.143">
    <system-out><![CDATA[
Scenario: Login fallido con contraseÃ±a incorrecta                                                                          # src/test/resources/features/login.feature:15
  Given el usuario estÃ¡ en la pÃ¡gina de login                                                                              # steps.LoginSteps.elUsuarioEstaEnLaPaginaDeLogin()
  When el usuario ingresa el usuario "standard_user"                                                                       # steps.LoginSteps.elUsuarioIngresaElUsuario(java.lang.String)
  And el usuario ingresa la contraseÃ±a "wrong_password"                                                                    # steps.LoginSteps.elUsuarioIngresaLaContrasena(java.lang.String)
  And el usuario hace click en el botÃ³n login                                                                              # steps.LoginSteps.elUsuarioHaceClickEnElBotonLogin()
  Then el usuario debe ver el mensaje de error "Epic sadface: Username and password do not match any user in this service" # steps.LoginSteps.elUsuarioDebeVerElMensajeDeError(java.lang.String)
]]></system-out>
    <system-err><![CDATA[may. 06, 2026 6:09:45 P. M. org.openqa.selenium.devtools.CdpVersionFinder findNearestMatch
ADVERTENCIA: Unable to find CDP implementation matching 147
may. 06, 2026 6:09:45 P. M. org.openqa.selenium.chromium.ChromiumDriver lambda$new$5
ADVERTENCIA: Unable to find version of CDP to use for 147.0.7727.102. You may need to include a dependency on a specific version of the CDP using something similar to `org.seleniumhq.selenium:selenium-devtools-v86:4.18.1` where the version ("v86") matches the version of the chromium-based browser you're using and the version number of the artifact is the same as Selenium's.
]]></system-err>
  </testcase>
  <testcase name="Login fallido con usuario bloqueado" classname="Login en SauceDemo" time="2.965">
    <system-out><![CDATA[
Scenario: Login fallido con usuario bloqueado                                                        # src/test/resources/features/login.feature:21
  Given el usuario estÃ¡ en la pÃ¡gina de login                                                        # steps.LoginSteps.elUsuarioEstaEnLaPaginaDeLogin()
  When el usuario ingresa el usuario "locked_out_user"                                               # steps.LoginSteps.elUsuarioIngresaElUsuario(java.lang.String)
  And el usuario ingresa la contraseÃ±a "secret_sauce"                                                # steps.LoginSteps.elUsuarioIngresaLaContrasena(java.lang.String)
  And el usuario hace click en el botÃ³n login                                                        # steps.LoginSteps.elUsuarioHaceClickEnElBotonLogin()
  Then el usuario debe ver el mensaje de error "Epic sadface: Sorry, this user has been locked out." # steps.LoginSteps.elUsuarioDebeVerElMensajeDeError(java.lang.String)
]]></system-out>
    <system-err><![CDATA[may. 06, 2026 6:09:48 P. M. org.openqa.selenium.devtools.CdpVersionFinder findNearestMatch
ADVERTENCIA: Unable to find CDP implementation matching 147
may. 06, 2026 6:09:48 P. M. org.openqa.selenium.chromium.ChromiumDriver lambda$new$5
ADVERTENCIA: Unable to find version of CDP to use for 147.0.7727.102. You may need to include a dependency on a specific version of the CDP using something similar to `org.seleniumhq.selenium:selenium-devtools-v86:4.18.1` where the version ("v86") matches the version of the chromium-based browser you're using and the version number of the artifact is the same as Selenium's.
]]></system-err>
  </testcase>
</testsuite>